<?xml version="1.0" encoding="UTF-8"?>
<!-- Generated by org.testng.reporters.JUnitReportReporter -->
<testsuite hostname="DESKTOP-121FGTS" failures="0" tests="5" name="TestNgSessions.PriorityTest" time="0.079" errors="0" timestamp="2023-07-08T20:10:36 IST" skipped="0">
  <testcase classname="TestNgSessions.PriorityTest" name="emailTest" time="0.046"/>
  <testcase classname="TestNgSessions.PriorityTest" name="paymentTest" time="0.016"/>
  <testcase classname="TestNgSessions.PriorityTest" name="SearchTest" time="0.005"/>
  <testcase classname="TestNgSessions.PriorityTest" name="cartTest" time="0.008"/>
  <testcase classname="TestNgSessions.PriorityTest" name="orderTest" time="0.004"/>
</testsuite> <!-- TestNgSessions.PriorityTest -->
