<?xml version="1.0" encoding="UTF-8"?>
<!-- Generated by org.testng.reporters.JUnitReportReporter -->
<testsuite hostname="DESKTOP-121FGTS" failures="0" tests="11" name="TestNgSessions.InvocationCountTest" time="0.115" errors="0" timestamp="2023-07-08T20:15:14 IST" skipped="0">
  <testcase classname="TestNgSessions.InvocationCountTest" name="searchTest" time="0.011"/>
  <testcase classname="TestNgSessions.InvocationCountTest" name="searchTest" time="0.016"/>
  <testcase classname="TestNgSessions.InvocationCountTest" name="searchTest" time="0.004"/>
  <testcase classname="TestNgSessions.InvocationCountTest" name="searchTest" time="0.047"/>
  <testcase classname="TestNgSessions.InvocationCountTest" name="searchTest" time="0.004"/>
  <testcase classname="TestNgSessions.InvocationCountTest" name="searchTest" time="0.004"/>
  <testcase classname="TestNgSessions.InvocationCountTest" name="searchTest" time="0.008"/>
  <testcase classname="TestNgSessions.InvocationCountTest" name="searchTest" time="0.005"/>
  <testcase classname="TestNgSessions.InvocationCountTest" name="searchTest" time="0.009"/>
  <testcase classname="TestNgSessions.InvocationCountTest" name="searchTest" time="0.004"/>
  <testcase classname="TestNgSessions.InvocationCountTest" name="cartTest" time="0.003"/>
</testsuite> <!-- TestNgSessions.InvocationCountTest -->
