<?xml version="1.0" encoding="UTF-8"?>
<!-- Generated by org.testng.reporters.JUnitReportReporter -->
<testsuite hostname="DESKTOP-121FGTS" failures="0" tests="3" name="MyTestPackage.GoogleTesting$GoogleTest" time="122.458" errors="0" timestamp="2023-07-10T18:01:57 IST" skipped="0">
  <testcase classname="MyTestPackage.GoogleTesting$GoogleTest" name="googleTitleTest" time="41.975"/>
  <testcase classname="MyTestPackage.GoogleTesting$GoogleTest" name="googleUrlTest" time="47.278"/>
  <testcase classname="MyTestPackage.GoogleTesting$GoogleTest" name="googleSearchTest" time="33.205"/>
</testsuite> <!-- MyTestPackage.GoogleTesting$GoogleTest -->
