<?xml version="1.0" encoding="UTF-8"?>
<!-- Generated by org.testng.reporters.JUnitReportReporter -->
<testsuite hostname="DESKTOP-121FGTS" failures="0" tests="1" name="TestNgSessions.ExpectedExceptionConcept" time="0.042" errors="0" timestamp="2023-07-08T20:11:09 IST" skipped="0">
  <testcase classname="TestNgSessions.ExpectedExceptionConcept" name="searchTest" time="0.042"/>
</testsuite> <!-- TestNgSessions.ExpectedExceptionConcept -->
