<?xml version="1.0" encoding="UTF-8"?>
<!-- Generated by org.testng.reporters.JUnitReportReporter -->
<testsuite hostname="DESKTOP-121FGTS" failures="0" tests="4" name="TestNgSessions.CRUD" time="0.078" errors="0" timestamp="2023-07-10T20:36:56 IST" skipped="0">
  <testcase classname="TestNgSessions.CRUD" name="addUserTest" time="0.054"/>
  <testcase classname="TestNgSessions.CRUD" name="getUserTest" time="0.008"/>
  <testcase classname="TestNgSessions.CRUD" name="updateUserTest" time="0.006"/>
  <testcase classname="TestNgSessions.CRUD" name="DeleteUserTest" time="0.010"/>
</testsuite> <!-- TestNgSessions.CRUD -->
